
wlan0: interface state UNINITIALIZED->ENABLED
wlan0: AP-ENABLED 
wlan0: STA 1e:e5:fc:c2:f7:56 IEEE 802.11: authenticated
wlan0: STA 1e:e5:fc:c2:f7:56 IEEE 802.11: associated (aid 1)
wlan0: AP-STA-CONNECTED 1e:e5:fc:c2:f7:56
wlan0: STA 1e:e5:fc:c2:f7:56 RADIUS: starting accounting session F0FFA56C8C533203
wlan0: AP-STA-DISCONNECTED 1e:e5:fc:c2:f7:56
wlan0: STA 1e:e5:fc:c2:f7:56 IEEE 802.11: disassociated
wlan0: STA 1e:e5:fc:c2:f7:56 IEEE 802.11: deauthenticated due to inactivity (timer DEAUTH/REMOVE)
wlan0: interface state ENABLED->DISABLED
wlan0: AP-DISABLED 
wlan0: CTRL-EVENT-TERMINATING 
nl80211: deinit ifname=wlan0 disabled_11b_rates=0
wlan0: interface state UNINITIALIZED->ENABLED
wlan0: AP-ENABLED 
wlan0: STA 1e:e5:fc:c2:f7:56 IEEE 802.11: authenticated
wlan0: STA 1e:e5:fc:c2:f7:56 IEEE 802.11: associated (aid 1)
wlan0: AP-STA-CONNECTED 1e:e5:fc:c2:f7:56
wlan0: STA 1e:e5:fc:c2:f7:56 RADIUS: starting accounting session 71A65FBCAB289066
wlan0: AP-STA-DISCONNECTED 1e:e5:fc:c2:f7:56
wlan0: STA 1e:e5:fc:c2:f7:56 IEEE 802.11: disassociated
wlan0: STA 1e:e5:fc:c2:f7:56 IEEE 802.11: deauthenticated due to inactivity (timer DEAUTH/REMOVE)
